This is pdfTeX, Version 3.141592653-2.6-1.40.22 (TeX Live 2022/dev/Debian) (preloaded format=pdflatex 2026.1.31)  31 JAN 2026 17:14
entering extended mode
 restricted \write18 enabled.
 file:line:error style messages enabled.
 %&-line parsing enabled.
**g2s_stage_pipe0_ktile0.tex
(./g2s_stage_pipe0_ktile0.tex
LaTeX2e <2021-11-15> patch level 1
L3 programming layer <2022-01-21> (/usr/share/texlive/texmf-dist/tex/latex/base
/article.cls
Document Class: article 2021/10/04 v1.4n Standard LaTeX document class
(/usr/share/texlive/texmf-dist/tex/latex/base/size10.clo
File: size10.clo 2021/10/04 v1.4n Standard LaTeX file (size option)
)
\c@part=\count185
\c@section=\count186
\c@subsection=\count187
\c@subsubsection=\count188
\c@paragraph=\count189
\c@subparagraph=\count190
\c@figure=\count191
\c@table=\count192
\abovecaptionskip=\skip47
\belowcaptionskip=\skip48
\bibindent=\dimen138
) (/usr/share/texlive/texmf-dist/tex/latex/geometry/geometry.sty
Package: geometry 2020/01/02 v5.9 Page Geometry
(/usr/share/texlive/texmf-dist/tex/latex/graphics/keyval.sty
Package: keyval 2014/10/28 v1.15 key=value parser (DPC)
\KV@toks@=\toks16
) (/usr/share/texlive/texmf-dist/tex/generic/iftex/ifvtex.sty
Package: ifvtex 2019/10/25 v1.7 ifvtex legacy package. Use iftex instead.
(/usr/share/texlive/texmf-dist/tex/generic/iftex/iftex.sty
Package: iftex 2020/03/06 v1.0d TeX engine tests
))
\Gm@cnth=\count193
\Gm@cntv=\count194
\c@Gm@tempcnt=\count195
\Gm@bindingoffset=\dimen139
\Gm@wd@mp=\dimen140
\Gm@odd@mp=\dimen141
\Gm@even@mp=\dimen142
\Gm@layoutwidth=\dimen143
\Gm@layoutheight=\dimen144
\Gm@layouthoffset=\dimen145
\Gm@layoutvoffset=\dimen146
\Gm@dimlist=\toks17
) (/usr/share/texlive/texmf-dist/tex/latex/pgf/frontendlayer/tikz.sty (/usr/sha
re/texlive/texmf-dist/tex/latex/pgf/basiclayer/pgf.sty (/usr/share/texlive/texm
f-dist/tex/latex/pgf/utilities/pgfrcs.sty (/usr/share/texlive/texmf-dist/tex/ge
neric/pgf/utilities/pgfutil-common.tex
\pgfutil@everybye=\toks18
\pgfutil@tempdima=\dimen147
\pgfutil@tempdimb=\dimen148

(/usr/share/texlive/texmf-dist/tex/generic/pgf/utilities/pgfutil-common-lists.t
ex)) (/usr/share/texlive/texmf-dist/tex/generic/pgf/utilities/pgfutil-latex.def
\pgfutil@abb=\box50
) (/usr/share/texlive/texmf-dist/tex/generic/pgf/utilities/pgfrcs.code.tex (/us
r/share/texlive/texmf-dist/tex/generic/pgf/pgf.revision.tex)
Package: pgfrcs 2021/05/15 v3.1.9a (3.1.9a)
))
Package: pgf 2021/05/15 v3.1.9a (3.1.9a)
(/usr/share/texlive/texmf-dist/tex/latex/pgf/basiclayer/pgfcore.sty (/usr/share
/texlive/texmf-dist/tex/latex/graphics/graphicx.sty
Package: graphicx 2021/09/16 v1.2d Enhanced LaTeX Graphics (DPC,SPQR)
(/usr/share/texlive/texmf-dist/tex/latex/graphics/graphics.sty
Package: graphics 2021/03/04 v1.4d Standard LaTeX Graphics (DPC,SPQR)
(/usr/share/texlive/texmf-dist/tex/latex/graphics/trig.sty
Package: trig 2021/08/11 v1.11 sin cos tan (DPC)
) (/usr/share/texlive/texmf-dist/tex/latex/graphics-cfg/graphics.cfg
File: graphics.cfg 2016/06/04 v1.11 sample graphics configuration
)
Package graphics Info: Driver file: pdftex.def on input line 107.
(/usr/share/texlive/texmf-dist/tex/latex/graphics-def/pdftex.def
File: pdftex.def 2020/10/05 v1.2a Graphics/color driver for pdftex
))
\Gin@req@height=\dimen149
\Gin@req@width=\dimen150
) (/usr/share/texlive/texmf-dist/tex/latex/pgf/systemlayer/pgfsys.sty (/usr/sha
re/texlive/texmf-dist/tex/generic/pgf/systemlayer/pgfsys.code.tex
Package: pgfsys 2021/05/15 v3.1.9a (3.1.9a)
(/usr/share/texlive/texmf-dist/tex/generic/pgf/utilities/pgfkeys.code.tex
\pgfkeys@pathtoks=\toks19
\pgfkeys@temptoks=\toks20

(/usr/share/texlive/texmf-dist/tex/generic/pgf/utilities/pgfkeysfiltered.code.t
ex
\pgfkeys@tmptoks=\toks21
))
\pgf@x=\dimen151
\pgf@y=\dimen152
\pgf@xa=\dimen153
\pgf@ya=\dimen154
\pgf@xb=\dimen155
\pgf@yb=\dimen156
\pgf@xc=\dimen157
\pgf@yc=\dimen158
\pgf@xd=\dimen159
\pgf@yd=\dimen160
\w@pgf@writea=\write3
\r@pgf@reada=\read2
\c@pgf@counta=\count196
\c@pgf@countb=\count197
\c@pgf@countc=\count198
\c@pgf@countd=\count199
\t@pgf@toka=\toks22
\t@pgf@tokb=\toks23
\t@pgf@tokc=\toks24
\pgf@sys@id@count=\count266
(/usr/share/texlive/texmf-dist/tex/generic/pgf/systemlayer/pgf.cfg
File: pgf.cfg 2021/05/15 v3.1.9a (3.1.9a)
)
Driver file for pgf: pgfsys-pdftex.def
(/usr/share/texlive/texmf-dist/tex/generic/pgf/systemlayer/pgfsys-pdftex.def
File: pgfsys-pdftex.def 2021/05/15 v3.1.9a (3.1.9a)

(/usr/share/texlive/texmf-dist/tex/generic/pgf/systemlayer/pgfsys-common-pdf.de
f
File: pgfsys-common-pdf.def 2021/05/15 v3.1.9a (3.1.9a)
)))
(/usr/share/texlive/texmf-dist/tex/generic/pgf/systemlayer/pgfsyssoftpath.code.
tex
File: pgfsyssoftpath.code.tex 2021/05/15 v3.1.9a (3.1.9a)
\pgfsyssoftpath@smallbuffer@items=\count267
\pgfsyssoftpath@bigbuffer@items=\count268
)
(/usr/share/texlive/texmf-dist/tex/generic/pgf/systemlayer/pgfsysprotocol.code.
tex
File: pgfsysprotocol.code.tex 2021/05/15 v3.1.9a (3.1.9a)
)) (/usr/share/texlive/texmf-dist/tex/latex/xcolor/xcolor.sty
Package: xcolor 2021/10/31 v2.13 LaTeX color extensions (UK)
(/usr/share/texlive/texmf-dist/tex/latex/graphics-cfg/color.cfg
File: color.cfg 2016/01/02 v1.6 sample color configuration
)
Package xcolor Info: Driver file: pdftex.def on input line 227.
Package xcolor Info: Model `cmy' substituted by `cmy0' on input line 1352.
Package xcolor Info: Model `hsb' substituted by `rgb' on input line 1356.
Package xcolor Info: Model `RGB' extended on input line 1368.
Package xcolor Info: Model `HTML' substituted by `rgb' on input line 1370.
Package xcolor Info: Model `Hsb' substituted by `hsb' on input line 1371.
Package xcolor Info: Model `tHsb' substituted by `hsb' on input line 1372.
Package xcolor Info: Model `HSB' substituted by `hsb' on input line 1373.
Package xcolor Info: Model `Gray' substituted by `gray' on input line 1374.
Package xcolor Info: Model `wave' substituted by `hsb' on input line 1375.
) (/usr/share/texlive/texmf-dist/tex/generic/pgf/basiclayer/pgfcore.code.tex
Package: pgfcore 2021/05/15 v3.1.9a (3.1.9a)
(/usr/share/texlive/texmf-dist/tex/generic/pgf/math/pgfmath.code.tex (/usr/shar
e/texlive/texmf-dist/tex/generic/pgf/math/pgfmathcalc.code.tex (/usr/share/texl
ive/texmf-dist/tex/generic/pgf/math/pgfmathutil.code.tex) (/usr/share/texlive/t
exmf-dist/tex/generic/pgf/math/pgfmathparser.code.tex
\pgfmath@dimen=\dimen161
\pgfmath@count=\count269
\pgfmath@box=\box51
\pgfmath@toks=\toks25
\pgfmath@stack@operand=\toks26
\pgfmath@stack@operation=\toks27
) (/usr/share/texlive/texmf-dist/tex/generic/pgf/math/pgfmathfunctions.code.tex

(/usr/share/texlive/texmf-dist/tex/generic/pgf/math/pgfmathfunctions.basic.code
.tex)
(/usr/share/texlive/texmf-dist/tex/generic/pgf/math/pgfmathfunctions.trigonomet
ric.code.tex)
(/usr/share/texlive/texmf-dist/tex/generic/pgf/math/pgfmathfunctions.random.cod
e.tex)
(/usr/share/texlive/texmf-dist/tex/generic/pgf/math/pgfmathfunctions.comparison
.code.tex)
(/usr/share/texlive/texmf-dist/tex/generic/pgf/math/pgfmathfunctions.base.code.
tex)
(/usr/share/texlive/texmf-dist/tex/generic/pgf/math/pgfmathfunctions.round.code
.tex)
(/usr/share/texlive/texmf-dist/tex/generic/pgf/math/pgfmathfunctions.misc.code.
tex)
(/usr/share/texlive/texmf-dist/tex/generic/pgf/math/pgfmathfunctions.integerari
thmetics.code.tex))) (/usr/share/texlive/texmf-dist/tex/generic/pgf/math/pgfmat
hfloat.code.tex
\c@pgfmathroundto@lastzeros=\count270
)) (/usr/share/texlive/texmf-dist/tex/generic/pgf/math/pgfint.code.tex)
(/usr/share/texlive/texmf-dist/tex/generic/pgf/basiclayer/pgfcorepoints.code.te
x
File: pgfcorepoints.code.tex 2021/05/15 v3.1.9a (3.1.9a)
\pgf@picminx=\dimen162
\pgf@picmaxx=\dimen163
\pgf@picminy=\dimen164
\pgf@picmaxy=\dimen165
\pgf@pathminx=\dimen166
\pgf@pathmaxx=\dimen167
\pgf@pathminy=\dimen168
\pgf@pathmaxy=\dimen169
\pgf@xx=\dimen170
\pgf@xy=\dimen171
\pgf@yx=\dimen172
\pgf@yy=\dimen173
\pgf@zx=\dimen174
\pgf@zy=\dimen175
)
(/usr/share/texlive/texmf-dist/tex/generic/pgf/basiclayer/pgfcorepathconstruct.
code.tex
File: pgfcorepathconstruct.code.tex 2021/05/15 v3.1.9a (3.1.9a)
\pgf@path@lastx=\dimen176
\pgf@path@lasty=\dimen177
)
(/usr/share/texlive/texmf-dist/tex/generic/pgf/basiclayer/pgfcorepathusage.code
.tex
File: pgfcorepathusage.code.tex 2021/05/15 v3.1.9a (3.1.9a)
\pgf@shorten@end@additional=\dimen178
\pgf@shorten@start@additional=\dimen179
)
(/usr/share/texlive/texmf-dist/tex/generic/pgf/basiclayer/pgfcorescopes.code.te
x
File: pgfcorescopes.code.tex 2021/05/15 v3.1.9a (3.1.9a)
\pgfpic=\box52
\pgf@hbox=\box53
\pgf@layerbox@main=\box54
\pgf@picture@serial@count=\count271
)
(/usr/share/texlive/texmf-dist/tex/generic/pgf/basiclayer/pgfcoregraphicstate.c
ode.tex
File: pgfcoregraphicstate.code.tex 2021/05/15 v3.1.9a (3.1.9a)
\pgflinewidth=\dimen180
)
(/usr/share/texlive/texmf-dist/tex/generic/pgf/basiclayer/pgfcoretransformation
s.code.tex
File: pgfcoretransformations.code.tex 2021/05/15 v3.1.9a (3.1.9a)
\pgf@pt@x=\dimen181
\pgf@pt@y=\dimen182
\pgf@pt@temp=\dimen183
)
(/usr/share/texlive/texmf-dist/tex/generic/pgf/basiclayer/pgfcorequick.code.tex
File: pgfcorequick.code.tex 2021/05/15 v3.1.9a (3.1.9a)
)
(/usr/share/texlive/texmf-dist/tex/generic/pgf/basiclayer/pgfcoreobjects.code.t
ex
File: pgfcoreobjects.code.tex 2021/05/15 v3.1.9a (3.1.9a)
)
(/usr/share/texlive/texmf-dist/tex/generic/pgf/basiclayer/pgfcorepathprocessing
.code.tex
File: pgfcorepathprocessing.code.tex 2021/05/15 v3.1.9a (3.1.9a)
)
(/usr/share/texlive/texmf-dist/tex/generic/pgf/basiclayer/pgfcorearrows.code.te
x
File: pgfcorearrows.code.tex 2021/05/15 v3.1.9a (3.1.9a)
\pgfarrowsep=\dimen184
)
(/usr/share/texlive/texmf-dist/tex/generic/pgf/basiclayer/pgfcoreshade.code.tex
File: pgfcoreshade.code.tex 2021/05/15 v3.1.9a (3.1.9a)
\pgf@max=\dimen185
\pgf@sys@shading@range@num=\count272
\pgf@shadingcount=\count273
)
(/usr/share/texlive/texmf-dist/tex/generic/pgf/basiclayer/pgfcoreimage.code.tex
File: pgfcoreimage.code.tex 2021/05/15 v3.1.9a (3.1.9a)

(/usr/share/texlive/texmf-dist/tex/generic/pgf/basiclayer/pgfcoreexternal.code.
tex
File: pgfcoreexternal.code.tex 2021/05/15 v3.1.9a (3.1.9a)
\pgfexternal@startupbox=\box55
))
(/usr/share/texlive/texmf-dist/tex/generic/pgf/basiclayer/pgfcorelayers.code.te
x
File: pgfcorelayers.code.tex 2021/05/15 v3.1.9a (3.1.9a)
)
(/usr/share/texlive/texmf-dist/tex/generic/pgf/basiclayer/pgfcoretransparency.c
ode.tex
File: pgfcoretransparency.code.tex 2021/05/15 v3.1.9a (3.1.9a)
)
(/usr/share/texlive/texmf-dist/tex/generic/pgf/basiclayer/pgfcorepatterns.code.
tex
File: pgfcorepatterns.code.tex 2021/05/15 v3.1.9a (3.1.9a)
) (/usr/share/texlive/texmf-dist/tex/generic/pgf/basiclayer/pgfcorerdf.code.tex
File: pgfcorerdf.code.tex 2021/05/15 v3.1.9a (3.1.9a)
)))
(/usr/share/texlive/texmf-dist/tex/generic/pgf/modules/pgfmoduleshapes.code.tex
File: pgfmoduleshapes.code.tex 2021/05/15 v3.1.9a (3.1.9a)
\pgfnodeparttextbox=\box56
) (/usr/share/texlive/texmf-dist/tex/generic/pgf/modules/pgfmoduleplot.code.tex
File: pgfmoduleplot.code.tex 2021/05/15 v3.1.9a (3.1.9a)
)
(/usr/share/texlive/texmf-dist/tex/latex/pgf/compatibility/pgfcomp-version-0-65
.sty
Package: pgfcomp-version-0-65 2021/05/15 v3.1.9a (3.1.9a)
\pgf@nodesepstart=\dimen186
\pgf@nodesepend=\dimen187
)
(/usr/share/texlive/texmf-dist/tex/latex/pgf/compatibility/pgfcomp-version-1-18
.sty
Package: pgfcomp-version-1-18 2021/05/15 v3.1.9a (3.1.9a)
)) (/usr/share/texlive/texmf-dist/tex/latex/pgf/utilities/pgffor.sty (/usr/shar
e/texlive/texmf-dist/tex/latex/pgf/utilities/pgfkeys.sty (/usr/share/texlive/te
xmf-dist/tex/generic/pgf/utilities/pgfkeys.code.tex)) (/usr/share/texlive/texmf
-dist/tex/latex/pgf/math/pgfmath.sty (/usr/share/texlive/texmf-dist/tex/generic
/pgf/math/pgfmath.code.tex)) (/usr/share/texlive/texmf-dist/tex/generic/pgf/uti
lities/pgffor.code.tex
Package: pgffor 2021/05/15 v3.1.9a (3.1.9a)
(/usr/share/texlive/texmf-dist/tex/generic/pgf/math/pgfmath.code.tex)
\pgffor@iter=\dimen188
\pgffor@skip=\dimen189
\pgffor@stack=\toks28
\pgffor@toks=\toks29
))
(/usr/share/texlive/texmf-dist/tex/generic/pgf/frontendlayer/tikz/tikz.code.tex
Package: tikz 2021/05/15 v3.1.9a (3.1.9a)

(/usr/share/texlive/texmf-dist/tex/generic/pgf/libraries/pgflibraryplothandlers
.code.tex
File: pgflibraryplothandlers.code.tex 2021/05/15 v3.1.9a (3.1.9a)
\pgf@plot@mark@count=\count274
\pgfplotmarksize=\dimen190
)
\tikz@lastx=\dimen191
\tikz@lasty=\dimen192
\tikz@lastxsaved=\dimen193
\tikz@lastysaved=\dimen194
\tikz@lastmovetox=\dimen195
\tikz@lastmovetoy=\dimen196
\tikzleveldistance=\dimen197
\tikzsiblingdistance=\dimen198
\tikz@figbox=\box57
\tikz@figbox@bg=\box58
\tikz@tempbox=\box59
\tikz@tempbox@bg=\box60
\tikztreelevel=\count275
\tikznumberofchildren=\count276
\tikznumberofcurrentchild=\count277
\tikz@fig@count=\count278

(/usr/share/texlive/texmf-dist/tex/generic/pgf/modules/pgfmodulematrix.code.tex
File: pgfmodulematrix.code.tex 2021/05/15 v3.1.9a (3.1.9a)
\pgfmatrixcurrentrow=\count279
\pgfmatrixcurrentcolumn=\count280
\pgf@matrix@numberofcolumns=\count281
)
\tikz@expandcount=\count282

(/usr/share/texlive/texmf-dist/tex/generic/pgf/frontendlayer/tikz/libraries/tik
zlibrarytopaths.code.tex
File: tikzlibrarytopaths.code.tex 2021/05/15 v3.1.9a (3.1.9a)
))) (/usr/share/texlive/texmf-dist/tex/latex/pdfpages/pdfpages.sty
Package: pdfpages 2022/01/29 v0.5u Insert pages of external PDF documents (AM)
(/usr/share/texlive/texmf-dist/tex/latex/base/ifthen.sty
Package: ifthen 2020/11/24 v1.1c Standard LaTeX ifthen package (DPC)
) (/usr/share/texlive/texmf-dist/tex/latex/tools/calc.sty
Package: calc 2017/05/25 v4.3 Infix arithmetic (KKT,FJ)
\calc@Acount=\count283
\calc@Bcount=\count284
\calc@Adimen=\dimen199
\calc@Bdimen=\dimen256
\calc@Askip=\skip49
\calc@Bskip=\skip50
LaTeX Info: Redefining \setlength on input line 80.
LaTeX Info: Redefining \addtolength on input line 81.
\calc@Ccount=\count285
\calc@Cskip=\skip51
) (/usr/share/texlive/texmf-dist/tex/latex/eso-pic/eso-pic.sty
Package: eso-pic 2020/10/14 v3.0a eso-pic (RN)
\ESO@tempdima=\dimen257
\ESO@tempdimb=\dimen258
)
\AM@pagewidth=\dimen259
\AM@pageheight=\dimen260
\AM@fboxrule=\dimen261
(/usr/share/texlive/texmf-dist/tex/latex/pdfpages/pppdftex.def
File: pppdftex.def 2022/01/29 v0.5u Pdfpages driver for pdfTeX (AM)
)
\pdfpages@includegraphics@status=\count286
\AM@pagebox=\box61
\AM@global@opts=\toks30
\AM@pagecnt=\count287
\AM@toc@title=\toks31
\c@AM@survey=\count288
\AM@templatesizebox=\box62
) (/usr/share/texlive/texmf-dist/tex/latex/l3backend/l3backend-pdftex.def
File: l3backend-pdftex.def 2022-01-12 L3 backend support: PDF output (pdfTeX)
\l__color_backend_stack_int=\count289
\l__pdf_internal_box=\box63
)

LaTeX Warning: Unused global option(s):
    [a3paper].

(./g2s_stage_pipe0_ktile0.aux)
\openout1 = `g2s_stage_pipe0_ktile0.aux'.

LaTeX Font Info:    Checking defaults for OML/cmm/m/it on input line 11.
LaTeX Font Info:    ... okay on input line 11.
LaTeX Font Info:    Checking defaults for OMS/cmsy/m/n on input line 11.
LaTeX Font Info:    ... okay on input line 11.
LaTeX Font Info:    Checking defaults for OT1/cmr/m/n on input line 11.
LaTeX Font Info:    ... okay on input line 11.
LaTeX Font Info:    Checking defaults for T1/cmr/m/n on input line 11.
LaTeX Font Info:    ... okay on input line 11.
LaTeX Font Info:    Checking defaults for TS1/cmr/m/n on input line 11.
LaTeX Font Info:    ... okay on input line 11.
LaTeX Font Info:    Checking defaults for OMX/cmex/m/n on input line 11.
LaTeX Font Info:    ... okay on input line 11.
LaTeX Font Info:    Checking defaults for U/cmr/m/n on input line 11.
LaTeX Font Info:    ... okay on input line 11.
*geometry* driver: auto-detecting
*geometry* detected driver: pdftex
*geometry* verbose mode - [ preamble ] result:
* driver: pdftex
* paper: a3paper
* layout: <same size as paper>
* layoutoffset:(h,v)=(0.0pt,0.0pt)
* modes: landscape 
* h-part:(L,W,R)=(0.0pt, 1195.01575pt, 0.0pt)
* v-part:(T,H,B)=(0.0pt, 845.04684pt, 0.0pt)
* \paperwidth=1195.01575pt
* \paperheight=845.04684pt
* \textwidth=1195.01575pt
* \textheight=845.04684pt
* \oddsidemargin=-72.26999pt
* \evensidemargin=-72.26999pt
* \topmargin=-109.26999pt
* \headheight=12.0pt
* \headsep=25.0pt
* \topskip=10.0pt
* \footskip=30.0pt
* \marginparwidth=144.0pt
* \marginparsep=11.0pt
* \columnsep=10.0pt
* \skip\footins=9.0pt plus 4.0pt minus 2.0pt
* \hoffset=0.0pt
* \voffset=0.0pt
* \mag=1000
* \@twocolumnfalse
* \@twosidefalse
* \@mparswitchfalse
* \@reversemarginfalse
* (1in=72.27pt=25.4mm, 1cm=28.453pt)

(/usr/share/texlive/texmf-dist/tex/context/base/mkii/supp-pdf.mkii
[Loading MPS to PDF converter (version 2006.09.02).]
\scratchcounter=\count290
\scratchdimen=\dimen262
\scratchbox=\box64
\nofMPsegments=\count291
\nofMParguments=\count292
\everyMPshowfont=\toks32
\MPscratchCnt=\count293
\MPscratchDim=\dimen263
\MPnumerator=\count294
\makeMPintoPDFobject=\count295
\everyMPtoPDFconversion=\toks33
) (/usr/share/texlive/texmf-dist/tex/latex/epstopdf-pkg/epstopdf-base.sty
Package: epstopdf-base 2020-01-24 v2.11 Base part for package epstopdf
Package epstopdf-base Info: Redefining graphics rule for `.eps' on input line 4
85.
(/usr/share/texlive/texmf-dist/tex/latex/latexconfig/epstopdf-sys.cfg
File: epstopdf-sys.cfg 2010/07/13 v1.3 Configuration of (r)epstopdf for TeX Liv
e
)) (/usr/share/texlive/texmf-dist/tex/latex/pdflscape/pdflscape.sty
Package: pdflscape 2019/12/05 v0.12 Display of landscape pages in PDF (HO)
(/usr/share/texlive/texmf-dist/tex/latex/graphics/lscape.sty
Package: lscape 2020/05/28 v3.02 Landscape Pages (DPC)
)
Package pdflscape Info: Auto-detected driver: pdftex on input line 81.
)
<g2sA_stage_pipe0_ktile0.pdf, id=4, 1195.0156pt x 845.0471pt>
File: g2sA_stage_pipe0_ktile0.pdf Graphic file (type pdf)
<use g2sA_stage_pipe0_ktile0.pdf>
Package pdftex.def Info: g2sA_stage_pipe0_ktile0.pdf  used on input line 12.
(pdftex.def)             Requested size: 1195.0127pt x 845.04504pt.
File: g2sA_stage_pipe0_ktile0.pdf Graphic file (type pdf)
<use g2sA_stage_pipe0_ktile0.pdf>
Package pdftex.def Info: g2sA_stage_pipe0_ktile0.pdf  used on input line 12.
(pdftex.def)             Requested size: 1195.0127pt x 845.04504pt.
<g2sA_stage_pipe0_ktile0.pdf, id=7, page=1, 1195.0156pt x 845.0471pt>
File: g2sA_stage_pipe0_ktile0.pdf Graphic file (type pdf)
<use g2sA_stage_pipe0_ktile0.pdf, page 1>
Package pdftex.def Info: g2sA_stage_pipe0_ktile0.pdf , page1 used on input line
 12.
(pdftex.def)             Requested size: 1195.0127pt x 845.04504pt.
File: g2sA_stage_pipe0_ktile0.pdf Graphic file (type pdf)
<use g2sA_stage_pipe0_ktile0.pdf, page 1>
Package pdftex.def Info: g2sA_stage_pipe0_ktile0.pdf , page1 used on input line
 12.
(pdftex.def)             Requested size: 1195.0127pt x 845.04504pt.
File: g2sA_stage_pipe0_ktile0.pdf Graphic file (type pdf)
<use g2sA_stage_pipe0_ktile0.pdf, page 1>
Package pdftex.def Info: g2sA_stage_pipe0_ktile0.pdf , page1 used on input line
 12.
(pdftex.def)             Requested size: 1195.0127pt x 845.04504pt.
File: g2sA_stage_pipe0_ktile0.pdf Graphic file (type pdf)
<use g2sA_stage_pipe0_ktile0.pdf, page 1>
Package pdftex.def Info: g2sA_stage_pipe0_ktile0.pdf , page1 used on input line
 12.
(pdftex.def)             Requested size: 1195.0127pt x 845.04504pt.
File: g2sA_stage_pipe0_ktile0.pdf Graphic file (type pdf)
<use g2sA_stage_pipe0_ktile0.pdf, page 1>
Package pdftex.def Info: g2sA_stage_pipe0_ktile0.pdf , page1 used on input line
 12.
(pdftex.def)             Requested size: 1195.0127pt x 845.04504pt.
[1

 <./g2sA_stage_pipe0_ktile0.pdf{/var/lib/texmf/fonts/map/pdftex/updmap/pdftex.m
ap}>]
<g2sB_stage_pipe0_ktile0.pdf, id=69, 1195.0156pt x 845.0471pt>
File: g2sB_stage_pipe0_ktile0.pdf Graphic file (type pdf)
<use g2sB_stage_pipe0_ktile0.pdf>
Package pdftex.def Info: g2sB_stage_pipe0_ktile0.pdf  used on input line 13.
(pdftex.def)             Requested size: 1195.0127pt x 845.04504pt.
File: g2sB_stage_pipe0_ktile0.pdf Graphic file (type pdf)
<use g2sB_stage_pipe0_ktile0.pdf>
Package pdftex.def Info: g2sB_stage_pipe0_ktile0.pdf  used on input line 13.
(pdftex.def)             Requested size: 1195.0127pt x 845.04504pt.
<g2sB_stage_pipe0_ktile0.pdf, id=72, page=1, 1195.0156pt x 845.0471pt>
File: g2sB_stage_pipe0_ktile0.pdf Graphic file (type pdf)
<use g2sB_stage_pipe0_ktile0.pdf, page 1>
Package pdftex.def Info: g2sB_stage_pipe0_ktile0.pdf , page1 used on input line
 13.
(pdftex.def)             Requested size: 1195.0127pt x 845.04504pt.
File: g2sB_stage_pipe0_ktile0.pdf Graphic file (type pdf)
<use g2sB_stage_pipe0_ktile0.pdf, page 1>
Package pdftex.def Info: g2sB_stage_pipe0_ktile0.pdf , page1 used on input line
 13.
(pdftex.def)             Requested size: 1195.0127pt x 845.04504pt.
File: g2sB_stage_pipe0_ktile0.pdf Graphic file (type pdf)
<use g2sB_stage_pipe0_ktile0.pdf, page 1>
Package pdftex.def Info: g2sB_stage_pipe0_ktile0.pdf , page1 used on input line
 13.
(pdftex.def)             Requested size: 1195.0127pt x 845.04504pt.
File: g2sB_stage_pipe0_ktile0.pdf Graphic file (type pdf)
<use g2sB_stage_pipe0_ktile0.pdf, page 1>
Package pdftex.def Info: g2sB_stage_pipe0_ktile0.pdf , page1 used on input line
 13.
(pdftex.def)             Requested size: 1195.0127pt x 845.04504pt.
File: g2sB_stage_pipe0_ktile0.pdf Graphic file (type pdf)
<use g2sB_stage_pipe0_ktile0.pdf, page 1>
Package pdftex.def Info: g2sB_stage_pipe0_ktile0.pdf , page1 used on input line
 13.
(pdftex.def)             Requested size: 1195.0127pt x 845.04504pt.
[2 <./g2sB_stage_pipe0_ktile0.pdf>]
File: g2sA_stage_pipe0_ktile0.pdf Graphic file (type pdf)
<use g2sA_stage_pipe0_ktile0.pdf>
Package pdftex.def Info: g2sA_stage_pipe0_ktile0.pdf  used on input line 14.
(pdftex.def)             Requested size: 1195.0127pt x 845.04504pt.
File: g2sA_stage_pipe0_ktile0.pdf Graphic file (type pdf)
<use g2sA_stage_pipe0_ktile0.pdf>
Package pdftex.def Info: g2sA_stage_pipe0_ktile0.pdf  used on input line 14.
(pdftex.def)             Requested size: 1195.0127pt x 845.04504pt.
<g2sA_stage_pipe0_ktile0.pdf, id=129, page=2, 1195.0156pt x 845.0471pt>
File: g2sA_stage_pipe0_ktile0.pdf Graphic file (type pdf)
<use g2sA_stage_pipe0_ktile0.pdf, page 2>
Package pdftex.def Info: g2sA_stage_pipe0_ktile0.pdf , page2 used on input line
 14.
(pdftex.def)             Requested size: 1195.0127pt x 845.04504pt.
File: g2sA_stage_pipe0_ktile0.pdf Graphic file (type pdf)
<use g2sA_stage_pipe0_ktile0.pdf, page 2>
Package pdftex.def Info: g2sA_stage_pipe0_ktile0.pdf , page2 used on input line
 14.
(pdftex.def)             Requested size: 1195.0127pt x 845.04504pt.
File: g2sA_stage_pipe0_ktile0.pdf Graphic file (type pdf)
<use g2sA_stage_pipe0_ktile0.pdf, page 2>
Package pdftex.def Info: g2sA_stage_pipe0_ktile0.pdf , page2 used on input line
 14.
(pdftex.def)             Requested size: 1195.0127pt x 845.04504pt.
File: g2sA_stage_pipe0_ktile0.pdf Graphic file (type pdf)
<use g2sA_stage_pipe0_ktile0.pdf, page 2>
Package pdftex.def Info: g2sA_stage_pipe0_ktile0.pdf , page2 used on input line
 14.
(pdftex.def)             Requested size: 1195.0127pt x 845.04504pt.
File: g2sA_stage_pipe0_ktile0.pdf Graphic file (type pdf)
<use g2sA_stage_pipe0_ktile0.pdf, page 2>
Package pdftex.def Info: g2sA_stage_pipe0_ktile0.pdf , page2 used on input line
 14.
(pdftex.def)             Requested size: 1195.0127pt x 845.04504pt.
[3 <./g2sA_stage_pipe0_ktile0.pdf>]
File: g2sB_stage_pipe0_ktile0.pdf Graphic file (type pdf)
<use g2sB_stage_pipe0_ktile0.pdf>
Package pdftex.def Info: g2sB_stage_pipe0_ktile0.pdf  used on input line 15.
(pdftex.def)             Requested size: 1195.0127pt x 845.04504pt.
File: g2sB_stage_pipe0_ktile0.pdf Graphic file (type pdf)
<use g2sB_stage_pipe0_ktile0.pdf>
Package pdftex.def Info: g2sB_stage_pipe0_ktile0.pdf  used on input line 15.
(pdftex.def)             Requested size: 1195.0127pt x 845.04504pt.
<g2sB_stage_pipe0_ktile0.pdf, id=135, page=2, 1195.0156pt x 845.0471pt>
File: g2sB_stage_pipe0_ktile0.pdf Graphic file (type pdf)
<use g2sB_stage_pipe0_ktile0.pdf, page 2>
Package pdftex.def Info: g2sB_stage_pipe0_ktile0.pdf , page2 used on input line
 15.
(pdftex.def)             Requested size: 1195.0127pt x 845.04504pt.
File: g2sB_stage_pipe0_ktile0.pdf Graphic file (type pdf)
<use g2sB_stage_pipe0_ktile0.pdf, page 2>
Package pdftex.def Info: g2sB_stage_pipe0_ktile0.pdf , page2 used on input line
 15.
(pdftex.def)             Requested size: 1195.0127pt x 845.04504pt.
File: g2sB_stage_pipe0_ktile0.pdf Graphic file (type pdf)
<use g2sB_stage_pipe0_ktile0.pdf, page 2>
Package pdftex.def Info: g2sB_stage_pipe0_ktile0.pdf , page2 used on input line
 15.
(pdftex.def)             Requested size: 1195.0127pt x 845.04504pt.
File: g2sB_stage_pipe0_ktile0.pdf Graphic file (type pdf)
<use g2sB_stage_pipe0_ktile0.pdf, page 2>
Package pdftex.def Info: g2sB_stage_pipe0_ktile0.pdf , page2 used on input line
 15.
(pdftex.def)             Requested size: 1195.0127pt x 845.04504pt.
File: g2sB_stage_pipe0_ktile0.pdf Graphic file (type pdf)
<use g2sB_stage_pipe0_ktile0.pdf, page 2>
Package pdftex.def Info: g2sB_stage_pipe0_ktile0.pdf , page2 used on input line
 15.
(pdftex.def)             Requested size: 1195.0127pt x 845.04504pt.
[4 <./g2sB_stage_pipe0_ktile0.pdf>]
File: g2sA_stage_pipe0_ktile0.pdf Graphic file (type pdf)
<use g2sA_stage_pipe0_ktile0.pdf>
Package pdftex.def Info: g2sA_stage_pipe0_ktile0.pdf  used on input line 16.
(pdftex.def)             Requested size: 1195.0127pt x 845.04504pt.
File: g2sA_stage_pipe0_ktile0.pdf Graphic file (type pdf)
<use g2sA_stage_pipe0_ktile0.pdf>
Package pdftex.def Info: g2sA_stage_pipe0_ktile0.pdf  used on input line 16.
(pdftex.def)             Requested size: 1195.0127pt x 845.04504pt.
<g2sA_stage_pipe0_ktile0.pdf, id=141, page=3, 1195.0156pt x 845.0471pt>
File: g2sA_stage_pipe0_ktile0.pdf Graphic file (type pdf)
<use g2sA_stage_pipe0_ktile0.pdf, page 3>
Package pdftex.def Info: g2sA_stage_pipe0_ktile0.pdf , page3 used on input line
 16.
(pdftex.def)             Requested size: 1195.0127pt x 845.04504pt.
File: g2sA_stage_pipe0_ktile0.pdf Graphic file (type pdf)
<use g2sA_stage_pipe0_ktile0.pdf, page 3>
Package pdftex.def Info: g2sA_stage_pipe0_ktile0.pdf , page3 used on input line
 16.
(pdftex.def)             Requested size: 1195.0127pt x 845.04504pt.
File: g2sA_stage_pipe0_ktile0.pdf Graphic file (type pdf)
<use g2sA_stage_pipe0_ktile0.pdf, page 3>
Package pdftex.def Info: g2sA_stage_pipe0_ktile0.pdf , page3 used on input line
 16.
(pdftex.def)             Requested size: 1195.0127pt x 845.04504pt.
File: g2sA_stage_pipe0_ktile0.pdf Graphic file (type pdf)
<use g2sA_stage_pipe0_ktile0.pdf, page 3>
Package pdftex.def Info: g2sA_stage_pipe0_ktile0.pdf , page3 used on input line
 16.
(pdftex.def)             Requested size: 1195.0127pt x 845.04504pt.
File: g2sA_stage_pipe0_ktile0.pdf Graphic file (type pdf)
<use g2sA_stage_pipe0_ktile0.pdf, page 3>
Package pdftex.def Info: g2sA_stage_pipe0_ktile0.pdf , page3 used on input line
 16.
(pdftex.def)             Requested size: 1195.0127pt x 845.04504pt.
[5 <./g2sA_stage_pipe0_ktile0.pdf>]
File: g2sB_stage_pipe0_ktile0.pdf Graphic file (type pdf)
<use g2sB_stage_pipe0_ktile0.pdf>
Package pdftex.def Info: g2sB_stage_pipe0_ktile0.pdf  used on input line 17.
(pdftex.def)             Requested size: 1195.0127pt x 845.04504pt.
File: g2sB_stage_pipe0_ktile0.pdf Graphic file (type pdf)
<use g2sB_stage_pipe0_ktile0.pdf>
Package pdftex.def Info: g2sB_stage_pipe0_ktile0.pdf  used on input line 17.
(pdftex.def)             Requested size: 1195.0127pt x 845.04504pt.
<g2sB_stage_pipe0_ktile0.pdf, id=147, page=3, 1195.0156pt x 845.0471pt>
File: g2sB_stage_pipe0_ktile0.pdf Graphic file (type pdf)
<use g2sB_stage_pipe0_ktile0.pdf, page 3>
Package pdftex.def Info: g2sB_stage_pipe0_ktile0.pdf , page3 used on input line
 17.
(pdftex.def)             Requested size: 1195.0127pt x 845.04504pt.
File: g2sB_stage_pipe0_ktile0.pdf Graphic file (type pdf)
<use g2sB_stage_pipe0_ktile0.pdf, page 3>
Package pdftex.def Info: g2sB_stage_pipe0_ktile0.pdf , page3 used on input line
 17.
(pdftex.def)             Requested size: 1195.0127pt x 845.04504pt.
File: g2sB_stage_pipe0_ktile0.pdf Graphic file (type pdf)
<use g2sB_stage_pipe0_ktile0.pdf, page 3>
Package pdftex.def Info: g2sB_stage_pipe0_ktile0.pdf , page3 used on input line
 17.
(pdftex.def)             Requested size: 1195.0127pt x 845.04504pt.
File: g2sB_stage_pipe0_ktile0.pdf Graphic file (type pdf)
<use g2sB_stage_pipe0_ktile0.pdf, page 3>
Package pdftex.def Info: g2sB_stage_pipe0_ktile0.pdf , page3 used on input line
 17.
(pdftex.def)             Requested size: 1195.0127pt x 845.04504pt.
File: g2sB_stage_pipe0_ktile0.pdf Graphic file (type pdf)
<use g2sB_stage_pipe0_ktile0.pdf, page 3>
Package pdftex.def Info: g2sB_stage_pipe0_ktile0.pdf , page3 used on input line
 17.
(pdftex.def)             Requested size: 1195.0127pt x 845.04504pt.
[6 <./g2sB_stage_pipe0_ktile0.pdf>]
File: g2sA_stage_pipe0_ktile0.pdf Graphic file (type pdf)
<use g2sA_stage_pipe0_ktile0.pdf>
Package pdftex.def Info: g2sA_stage_pipe0_ktile0.pdf  used on input line 18.
(pdftex.def)             Requested size: 1195.0127pt x 845.04504pt.
File: g2sA_stage_pipe0_ktile0.pdf Graphic file (type pdf)
<use g2sA_stage_pipe0_ktile0.pdf>
Package pdftex.def Info: g2sA_stage_pipe0_ktile0.pdf  used on input line 18.
(pdftex.def)             Requested size: 1195.0127pt x 845.04504pt.
<g2sA_stage_pipe0_ktile0.pdf, id=153, page=4, 1195.0156pt x 845.0471pt>
File: g2sA_stage_pipe0_ktile0.pdf Graphic file (type pdf)
<use g2sA_stage_pipe0_ktile0.pdf, page 4>
Package pdftex.def Info: g2sA_stage_pipe0_ktile0.pdf , page4 used on input line
 18.
(pdftex.def)             Requested size: 1195.0127pt x 845.04504pt.
File: g2sA_stage_pipe0_ktile0.pdf Graphic file (type pdf)
<use g2sA_stage_pipe0_ktile0.pdf, page 4>
Package pdftex.def Info: g2sA_stage_pipe0_ktile0.pdf , page4 used on input line
 18.
(pdftex.def)             Requested size: 1195.0127pt x 845.04504pt.
File: g2sA_stage_pipe0_ktile0.pdf Graphic file (type pdf)
<use g2sA_stage_pipe0_ktile0.pdf, page 4>
Package pdftex.def Info: g2sA_stage_pipe0_ktile0.pdf , page4 used on input line
 18.
(pdftex.def)             Requested size: 1195.0127pt x 845.04504pt.
File: g2sA_stage_pipe0_ktile0.pdf Graphic file (type pdf)
<use g2sA_stage_pipe0_ktile0.pdf, page 4>
Package pdftex.def Info: g2sA_stage_pipe0_ktile0.pdf , page4 used on input line
 18.
(pdftex.def)             Requested size: 1195.0127pt x 845.04504pt.
File: g2sA_stage_pipe0_ktile0.pdf Graphic file (type pdf)
<use g2sA_stage_pipe0_ktile0.pdf, page 4>
Package pdftex.def Info: g2sA_stage_pipe0_ktile0.pdf , page4 used on input line
 18.
(pdftex.def)             Requested size: 1195.0127pt x 845.04504pt.
[7 <./g2sA_stage_pipe0_ktile0.pdf>]
File: g2sB_stage_pipe0_ktile0.pdf Graphic file (type pdf)
<use g2sB_stage_pipe0_ktile0.pdf>
Package pdftex.def Info: g2sB_stage_pipe0_ktile0.pdf  used on input line 19.
(pdftex.def)             Requested size: 1195.0127pt x 845.04504pt.
File: g2sB_stage_pipe0_ktile0.pdf Graphic file (type pdf)
<use g2sB_stage_pipe0_ktile0.pdf>
Package pdftex.def Info: g2sB_stage_pipe0_ktile0.pdf  used on input line 19.
(pdftex.def)             Requested size: 1195.0127pt x 845.04504pt.
<g2sB_stage_pipe0_ktile0.pdf, id=160, page=4, 1195.0156pt x 845.0471pt>
File: g2sB_stage_pipe0_ktile0.pdf Graphic file (type pdf)
<use g2sB_stage_pipe0_ktile0.pdf, page 4>
Package pdftex.def Info: g2sB_stage_pipe0_ktile0.pdf , page4 used on input line
 19.
(pdftex.def)             Requested size: 1195.0127pt x 845.04504pt.
File: g2sB_stage_pipe0_ktile0.pdf Graphic file (type pdf)
<use g2sB_stage_pipe0_ktile0.pdf, page 4>
Package pdftex.def Info: g2sB_stage_pipe0_ktile0.pdf , page4 used on input line
 19.
(pdftex.def)             Requested size: 1195.0127pt x 845.04504pt.
File: g2sB_stage_pipe0_ktile0.pdf Graphic file (type pdf)
<use g2sB_stage_pipe0_ktile0.pdf, page 4>
Package pdftex.def Info: g2sB_stage_pipe0_ktile0.pdf , page4 used on input line
 19.
(pdftex.def)             Requested size: 1195.0127pt x 845.04504pt.
File: g2sB_stage_pipe0_ktile0.pdf Graphic file (type pdf)
<use g2sB_stage_pipe0_ktile0.pdf, page 4>
Package pdftex.def Info: g2sB_stage_pipe0_ktile0.pdf , page4 used on input line
 19.
(pdftex.def)             Requested size: 1195.0127pt x 845.04504pt.
File: g2sB_stage_pipe0_ktile0.pdf Graphic file (type pdf)
<use g2sB_stage_pipe0_ktile0.pdf, page 4>
Package pdftex.def Info: g2sB_stage_pipe0_ktile0.pdf , page4 used on input line
 19.
(pdftex.def)             Requested size: 1195.0127pt x 845.04504pt.
[8 <./g2sB_stage_pipe0_ktile0.pdf>]
File: g2sA_stage_pipe0_ktile0.pdf Graphic file (type pdf)
<use g2sA_stage_pipe0_ktile0.pdf>
Package pdftex.def Info: g2sA_stage_pipe0_ktile0.pdf  used on input line 20.
(pdftex.def)             Requested size: 1195.0127pt x 845.04504pt.
File: g2sA_stage_pipe0_ktile0.pdf Graphic file (type pdf)
<use g2sA_stage_pipe0_ktile0.pdf>
Package pdftex.def Info: g2sA_stage_pipe0_ktile0.pdf  used on input line 20.
(pdftex.def)             Requested size: 1195.0127pt x 845.04504pt.
<g2sA_stage_pipe0_ktile0.pdf, id=166, page=5, 1195.0156pt x 845.0471pt>
File: g2sA_stage_pipe0_ktile0.pdf Graphic file (type pdf)
<use g2sA_stage_pipe0_ktile0.pdf, page 5>
Package pdftex.def Info: g2sA_stage_pipe0_ktile0.pdf , page5 used on input line
 20.
(pdftex.def)             Requested size: 1195.0127pt x 845.04504pt.
File: g2sA_stage_pipe0_ktile0.pdf Graphic file (type pdf)
<use g2sA_stage_pipe0_ktile0.pdf, page 5>
Package pdftex.def Info: g2sA_stage_pipe0_ktile0.pdf , page5 used on input line
 20.
(pdftex.def)             Requested size: 1195.0127pt x 845.04504pt.
File: g2sA_stage_pipe0_ktile0.pdf Graphic file (type pdf)
<use g2sA_stage_pipe0_ktile0.pdf, page 5>
Package pdftex.def Info: g2sA_stage_pipe0_ktile0.pdf , page5 used on input line
 20.
(pdftex.def)             Requested size: 1195.0127pt x 845.04504pt.
File: g2sA_stage_pipe0_ktile0.pdf Graphic file (type pdf)
<use g2sA_stage_pipe0_ktile0.pdf, page 5>
Package pdftex.def Info: g2sA_stage_pipe0_ktile0.pdf , page5 used on input line
 20.
(pdftex.def)             Requested size: 1195.0127pt x 845.04504pt.
File: g2sA_stage_pipe0_ktile0.pdf Graphic file (type pdf)
<use g2sA_stage_pipe0_ktile0.pdf, page 5>
Package pdftex.def Info: g2sA_stage_pipe0_ktile0.pdf , page5 used on input line
 20.
(pdftex.def)             Requested size: 1195.0127pt x 845.04504pt.
[9 <./g2sA_stage_pipe0_ktile0.pdf>]
File: g2sB_stage_pipe0_ktile0.pdf Graphic file (type pdf)
<use g2sB_stage_pipe0_ktile0.pdf>
Package pdftex.def Info: g2sB_stage_pipe0_ktile0.pdf  used on input line 21.
(pdftex.def)             Requested size: 1195.0127pt x 845.04504pt.
File: g2sB_stage_pipe0_ktile0.pdf Graphic file (type pdf)
<use g2sB_stage_pipe0_ktile0.pdf>
Package pdftex.def Info: g2sB_stage_pipe0_ktile0.pdf  used on input line 21.
(pdftex.def)             Requested size: 1195.0127pt x 845.04504pt.
<g2sB_stage_pipe0_ktile0.pdf, id=172, page=5, 1195.0156pt x 845.0471pt>
File: g2sB_stage_pipe0_ktile0.pdf Graphic file (type pdf)
<use g2sB_stage_pipe0_ktile0.pdf, page 5>
Package pdftex.def Info: g2sB_stage_pipe0_ktile0.pdf , page5 used on input line
 21.
(pdftex.def)             Requested size: 1195.0127pt x 845.04504pt.
File: g2sB_stage_pipe0_ktile0.pdf Graphic file (type pdf)
<use g2sB_stage_pipe0_ktile0.pdf, page 5>
Package pdftex.def Info: g2sB_stage_pipe0_ktile0.pdf , page5 used on input line
 21.
(pdftex.def)             Requested size: 1195.0127pt x 845.04504pt.
File: g2sB_stage_pipe0_ktile0.pdf Graphic file (type pdf)
<use g2sB_stage_pipe0_ktile0.pdf, page 5>
Package pdftex.def Info: g2sB_stage_pipe0_ktile0.pdf , page5 used on input line
 21.
(pdftex.def)             Requested size: 1195.0127pt x 845.04504pt.
File: g2sB_stage_pipe0_ktile0.pdf Graphic file (type pdf)
<use g2sB_stage_pipe0_ktile0.pdf, page 5>
Package pdftex.def Info: g2sB_stage_pipe0_ktile0.pdf , page5 used on input line
 21.
(pdftex.def)             Requested size: 1195.0127pt x 845.04504pt.
File: g2sB_stage_pipe0_ktile0.pdf Graphic file (type pdf)
<use g2sB_stage_pipe0_ktile0.pdf, page 5>
Package pdftex.def Info: g2sB_stage_pipe0_ktile0.pdf , page5 used on input line
 21.
(pdftex.def)             Requested size: 1195.0127pt x 845.04504pt.
[10 <./g2sB_stage_pipe0_ktile0.pdf>]
File: g2sA_stage_pipe0_ktile0.pdf Graphic file (type pdf)
<use g2sA_stage_pipe0_ktile0.pdf>
Package pdftex.def Info: g2sA_stage_pipe0_ktile0.pdf  used on input line 22.
(pdftex.def)             Requested size: 1195.0127pt x 845.04504pt.
File: g2sA_stage_pipe0_ktile0.pdf Graphic file (type pdf)
<use g2sA_stage_pipe0_ktile0.pdf>
Package pdftex.def Info: g2sA_stage_pipe0_ktile0.pdf  used on input line 22.
(pdftex.def)             Requested size: 1195.0127pt x 845.04504pt.
<g2sA_stage_pipe0_ktile0.pdf, id=178, page=6, 1195.0156pt x 845.0471pt>
File: g2sA_stage_pipe0_ktile0.pdf Graphic file (type pdf)
<use g2sA_stage_pipe0_ktile0.pdf, page 6>
Package pdftex.def Info: g2sA_stage_pipe0_ktile0.pdf , page6 used on input line
 22.
(pdftex.def)             Requested size: 1195.0127pt x 845.04504pt.
File: g2sA_stage_pipe0_ktile0.pdf Graphic file (type pdf)
<use g2sA_stage_pipe0_ktile0.pdf, page 6>
Package pdftex.def Info: g2sA_stage_pipe0_ktile0.pdf , page6 used on input line
 22.
(pdftex.def)             Requested size: 1195.0127pt x 845.04504pt.
File: g2sA_stage_pipe0_ktile0.pdf Graphic file (type pdf)
<use g2sA_stage_pipe0_ktile0.pdf, page 6>
Package pdftex.def Info: g2sA_stage_pipe0_ktile0.pdf , page6 used on input line
 22.
(pdftex.def)             Requested size: 1195.0127pt x 845.04504pt.
File: g2sA_stage_pipe0_ktile0.pdf Graphic file (type pdf)
<use g2sA_stage_pipe0_ktile0.pdf, page 6>
Package pdftex.def Info: g2sA_stage_pipe0_ktile0.pdf , page6 used on input line
 22.
(pdftex.def)             Requested size: 1195.0127pt x 845.04504pt.
File: g2sA_stage_pipe0_ktile0.pdf Graphic file (type pdf)
<use g2sA_stage_pipe0_ktile0.pdf, page 6>
Package pdftex.def Info: g2sA_stage_pipe0_ktile0.pdf , page6 used on input line
 22.
(pdftex.def)             Requested size: 1195.0127pt x 845.04504pt.
[11 <./g2sA_stage_pipe0_ktile0.pdf>]
File: g2sB_stage_pipe0_ktile0.pdf Graphic file (type pdf)
<use g2sB_stage_pipe0_ktile0.pdf>
Package pdftex.def Info: g2sB_stage_pipe0_ktile0.pdf  used on input line 23.
(pdftex.def)             Requested size: 1195.0127pt x 845.04504pt.
File: g2sB_stage_pipe0_ktile0.pdf Graphic file (type pdf)
<use g2sB_stage_pipe0_ktile0.pdf>
Package pdftex.def Info: g2sB_stage_pipe0_ktile0.pdf  used on input line 23.
(pdftex.def)             Requested size: 1195.0127pt x 845.04504pt.
<g2sB_stage_pipe0_ktile0.pdf, id=184, page=6, 1195.0156pt x 845.0471pt>
File: g2sB_stage_pipe0_ktile0.pdf Graphic file (type pdf)
<use g2sB_stage_pipe0_ktile0.pdf, page 6>
Package pdftex.def Info: g2sB_stage_pipe0_ktile0.pdf , page6 used on input line
 23.
(pdftex.def)             Requested size: 1195.0127pt x 845.04504pt.
File: g2sB_stage_pipe0_ktile0.pdf Graphic file (type pdf)
<use g2sB_stage_pipe0_ktile0.pdf, page 6>
Package pdftex.def Info: g2sB_stage_pipe0_ktile0.pdf , page6 used on input line
 23.
(pdftex.def)             Requested size: 1195.0127pt x 845.04504pt.
File: g2sB_stage_pipe0_ktile0.pdf Graphic file (type pdf)
<use g2sB_stage_pipe0_ktile0.pdf, page 6>
Package pdftex.def Info: g2sB_stage_pipe0_ktile0.pdf , page6 used on input line
 23.
(pdftex.def)             Requested size: 1195.0127pt x 845.04504pt.
File: g2sB_stage_pipe0_ktile0.pdf Graphic file (type pdf)
<use g2sB_stage_pipe0_ktile0.pdf, page 6>
Package pdftex.def Info: g2sB_stage_pipe0_ktile0.pdf , page6 used on input line
 23.
(pdftex.def)             Requested size: 1195.0127pt x 845.04504pt.
File: g2sB_stage_pipe0_ktile0.pdf Graphic file (type pdf)
<use g2sB_stage_pipe0_ktile0.pdf, page 6>
Package pdftex.def Info: g2sB_stage_pipe0_ktile0.pdf , page6 used on input line
 23.
(pdftex.def)             Requested size: 1195.0127pt x 845.04504pt.
[12 <./g2sB_stage_pipe0_ktile0.pdf>]
File: g2sA_stage_pipe0_ktile0.pdf Graphic file (type pdf)
<use g2sA_stage_pipe0_ktile0.pdf>
Package pdftex.def Info: g2sA_stage_pipe0_ktile0.pdf  used on input line 24.
(pdftex.def)             Requested size: 1195.0127pt x 845.04504pt.
File: g2sA_stage_pipe0_ktile0.pdf Graphic file (type pdf)
<use g2sA_stage_pipe0_ktile0.pdf>
Package pdftex.def Info: g2sA_stage_pipe0_ktile0.pdf  used on input line 24.
(pdftex.def)             Requested size: 1195.0127pt x 845.04504pt.
<g2sA_stage_pipe0_ktile0.pdf, id=190, page=7, 1195.0156pt x 845.0471pt>
File: g2sA_stage_pipe0_ktile0.pdf Graphic file (type pdf)
<use g2sA_stage_pipe0_ktile0.pdf, page 7>
Package pdftex.def Info: g2sA_stage_pipe0_ktile0.pdf , page7 used on input line
 24.
(pdftex.def)             Requested size: 1195.0127pt x 845.04504pt.
File: g2sA_stage_pipe0_ktile0.pdf Graphic file (type pdf)
<use g2sA_stage_pipe0_ktile0.pdf, page 7>
Package pdftex.def Info: g2sA_stage_pipe0_ktile0.pdf , page7 used on input line
 24.
(pdftex.def)             Requested size: 1195.0127pt x 845.04504pt.
File: g2sA_stage_pipe0_ktile0.pdf Graphic file (type pdf)
<use g2sA_stage_pipe0_ktile0.pdf, page 7>
Package pdftex.def Info: g2sA_stage_pipe0_ktile0.pdf , page7 used on input line
 24.
(pdftex.def)             Requested size: 1195.0127pt x 845.04504pt.
File: g2sA_stage_pipe0_ktile0.pdf Graphic file (type pdf)
<use g2sA_stage_pipe0_ktile0.pdf, page 7>
Package pdftex.def Info: g2sA_stage_pipe0_ktile0.pdf , page7 used on input line
 24.
(pdftex.def)             Requested size: 1195.0127pt x 845.04504pt.
File: g2sA_stage_pipe0_ktile0.pdf Graphic file (type pdf)
<use g2sA_stage_pipe0_ktile0.pdf, page 7>
Package pdftex.def Info: g2sA_stage_pipe0_ktile0.pdf , page7 used on input line
 24.
(pdftex.def)             Requested size: 1195.0127pt x 845.04504pt.
[13 <./g2sA_stage_pipe0_ktile0.pdf>]
File: g2sB_stage_pipe0_ktile0.pdf Graphic file (type pdf)
<use g2sB_stage_pipe0_ktile0.pdf>
Package pdftex.def Info: g2sB_stage_pipe0_ktile0.pdf  used on input line 25.
(pdftex.def)             Requested size: 1195.0127pt x 845.04504pt.
File: g2sB_stage_pipe0_ktile0.pdf Graphic file (type pdf)
<use g2sB_stage_pipe0_ktile0.pdf>
Package pdftex.def Info: g2sB_stage_pipe0_ktile0.pdf  used on input line 25.
(pdftex.def)             Requested size: 1195.0127pt x 845.04504pt.
<g2sB_stage_pipe0_ktile0.pdf, id=197, page=7, 1195.0156pt x 845.0471pt>
File: g2sB_stage_pipe0_ktile0.pdf Graphic file (type pdf)
<use g2sB_stage_pipe0_ktile0.pdf, page 7>
Package pdftex.def Info: g2sB_stage_pipe0_ktile0.pdf , page7 used on input line
 25.
(pdftex.def)             Requested size: 1195.0127pt x 845.04504pt.
File: g2sB_stage_pipe0_ktile0.pdf Graphic file (type pdf)
<use g2sB_stage_pipe0_ktile0.pdf, page 7>
Package pdftex.def Info: g2sB_stage_pipe0_ktile0.pdf , page7 used on input line
 25.
(pdftex.def)             Requested size: 1195.0127pt x 845.04504pt.
File: g2sB_stage_pipe0_ktile0.pdf Graphic file (type pdf)
<use g2sB_stage_pipe0_ktile0.pdf, page 7>
Package pdftex.def Info: g2sB_stage_pipe0_ktile0.pdf , page7 used on input line
 25.
(pdftex.def)             Requested size: 1195.0127pt x 845.04504pt.
File: g2sB_stage_pipe0_ktile0.pdf Graphic file (type pdf)
<use g2sB_stage_pipe0_ktile0.pdf, page 7>
Package pdftex.def Info: g2sB_stage_pipe0_ktile0.pdf , page7 used on input line
 25.
(pdftex.def)             Requested size: 1195.0127pt x 845.04504pt.
File: g2sB_stage_pipe0_ktile0.pdf Graphic file (type pdf)
<use g2sB_stage_pipe0_ktile0.pdf, page 7>
Package pdftex.def Info: g2sB_stage_pipe0_ktile0.pdf , page7 used on input line
 25.
(pdftex.def)             Requested size: 1195.0127pt x 845.04504pt.
[14 <./g2sB_stage_pipe0_ktile0.pdf>]
File: g2sA_stage_pipe0_ktile0.pdf Graphic file (type pdf)
<use g2sA_stage_pipe0_ktile0.pdf>
Package pdftex.def Info: g2sA_stage_pipe0_ktile0.pdf  used on input line 26.
(pdftex.def)             Requested size: 1195.0127pt x 845.04504pt.
File: g2sA_stage_pipe0_ktile0.pdf Graphic file (type pdf)
<use g2sA_stage_pipe0_ktile0.pdf>
Package pdftex.def Info: g2sA_stage_pipe0_ktile0.pdf  used on input line 26.
(pdftex.def)             Requested size: 1195.0127pt x 845.04504pt.
<g2sA_stage_pipe0_ktile0.pdf, id=203, page=8, 1195.0156pt x 845.0471pt>
File: g2sA_stage_pipe0_ktile0.pdf Graphic file (type pdf)
<use g2sA_stage_pipe0_ktile0.pdf, page 8>
Package pdftex.def Info: g2sA_stage_pipe0_ktile0.pdf , page8 used on input line
 26.
(pdftex.def)             Requested size: 1195.0127pt x 845.04504pt.
File: g2sA_stage_pipe0_ktile0.pdf Graphic file (type pdf)
<use g2sA_stage_pipe0_ktile0.pdf, page 8>
Package pdftex.def Info: g2sA_stage_pipe0_ktile0.pdf , page8 used on input line
 26.
(pdftex.def)             Requested size: 1195.0127pt x 845.04504pt.
File: g2sA_stage_pipe0_ktile0.pdf Graphic file (type pdf)
<use g2sA_stage_pipe0_ktile0.pdf, page 8>
Package pdftex.def Info: g2sA_stage_pipe0_ktile0.pdf , page8 used on input line
 26.
(pdftex.def)             Requested size: 1195.0127pt x 845.04504pt.
File: g2sA_stage_pipe0_ktile0.pdf Graphic file (type pdf)
<use g2sA_stage_pipe0_ktile0.pdf, page 8>
Package pdftex.def Info: g2sA_stage_pipe0_ktile0.pdf , page8 used on input line
 26.
(pdftex.def)             Requested size: 1195.0127pt x 845.04504pt.
File: g2sA_stage_pipe0_ktile0.pdf Graphic file (type pdf)
<use g2sA_stage_pipe0_ktile0.pdf, page 8>
Package pdftex.def Info: g2sA_stage_pipe0_ktile0.pdf , page8 used on input line
 26.
(pdftex.def)             Requested size: 1195.0127pt x 845.04504pt.
[15 <./g2sA_stage_pipe0_ktile0.pdf>]
File: g2sB_stage_pipe0_ktile0.pdf Graphic file (type pdf)
<use g2sB_stage_pipe0_ktile0.pdf>
Package pdftex.def Info: g2sB_stage_pipe0_ktile0.pdf  used on input line 27.
(pdftex.def)             Requested size: 1195.0127pt x 845.04504pt.
File: g2sB_stage_pipe0_ktile0.pdf Graphic file (type pdf)
<use g2sB_stage_pipe0_ktile0.pdf>
Package pdftex.def Info: g2sB_stage_pipe0_ktile0.pdf  used on input line 27.
(pdftex.def)             Requested size: 1195.0127pt x 845.04504pt.
<g2sB_stage_pipe0_ktile0.pdf, id=209, page=8, 1195.0156pt x 845.0471pt>
File: g2sB_stage_pipe0_ktile0.pdf Graphic file (type pdf)
<use g2sB_stage_pipe0_ktile0.pdf, page 8>
Package pdftex.def Info: g2sB_stage_pipe0_ktile0.pdf , page8 used on input line
 27.
(pdftex.def)             Requested size: 1195.0127pt x 845.04504pt.
File: g2sB_stage_pipe0_ktile0.pdf Graphic file (type pdf)
<use g2sB_stage_pipe0_ktile0.pdf, page 8>
Package pdftex.def Info: g2sB_stage_pipe0_ktile0.pdf , page8 used on input line
 27.
(pdftex.def)             Requested size: 1195.0127pt x 845.04504pt.
File: g2sB_stage_pipe0_ktile0.pdf Graphic file (type pdf)
<use g2sB_stage_pipe0_ktile0.pdf, page 8>
Package pdftex.def Info: g2sB_stage_pipe0_ktile0.pdf , page8 used on input line
 27.
(pdftex.def)             Requested size: 1195.0127pt x 845.04504pt.
File: g2sB_stage_pipe0_ktile0.pdf Graphic file (type pdf)
<use g2sB_stage_pipe0_ktile0.pdf, page 8>
Package pdftex.def Info: g2sB_stage_pipe0_ktile0.pdf , page8 used on input line
 27.
(pdftex.def)             Requested size: 1195.0127pt x 845.04504pt.
File: g2sB_stage_pipe0_ktile0.pdf Graphic file (type pdf)
<use g2sB_stage_pipe0_ktile0.pdf, page 8>
Package pdftex.def Info: g2sB_stage_pipe0_ktile0.pdf , page8 used on input line
 27.
(pdftex.def)             Requested size: 1195.0127pt x 845.04504pt.
[16 <./g2sB_stage_pipe0_ktile0.pdf>] (./g2s_stage_pipe0_ktile0.aux) ) 
Here is how much of TeX's memory you used:
 13190 strings out of 480247
 272224 string characters out of 5896151
 530149 words of memory out of 5000000
 30927 multiletter control sequences out of 15000+600000
 469259 words of font info for 28 fonts, out of 8000000 for 9000
 14 hyphenation exceptions out of 8191
 100i,17n,104p,422b,417s stack positions out of 5000i,500n,10000p,200000b,80000s
</usr/shar
e/texlive/texmf-dist/fonts/type1/public/amsfonts/cm/cmtt10.pfb></usr/share/texl
ive/texmf-dist/fonts/type1/public/amsfonts/cm/cmtt12.pfb></usr/share/texlive/te
xmf-dist/fonts/type1/public/amsfonts/cm/cmtt8.pfb>
Output written on g2s_stage_pipe0_ktile0.pdf (16 pages, 699979 bytes).
PDF statistics:
 218 PDF objects out of 1000 (max. 8388607)
 0 named destinations out of 1000 (max. 500000)
 263 words of extra memory for PDF output out of 10000 (max. 10000000)

